[debug] [2018-09-26T23:44:22.507Z] ----------------------------------------------------------------------
[debug] [2018-09-26T23:44:22.511Z] Command:       C:\Program Files\nodejs\node.exe C:\Users\STD\AppData\Roaming\npm\node_modules\firebase-tools\bin\firebase serve
[debug] [2018-09-26T23:44:22.511Z] CLI Version:   4.2.1
[debug] [2018-09-26T23:44:22.511Z] Platform:      win32
[debug] [2018-09-26T23:44:22.511Z] Node Version:  v8.11.3
[debug] [2018-09-26T23:44:22.511Z] Time:          Thu Sep 27 2018 06:44:22 GMT+0700 (SE Asia Standard Time)
[debug] [2018-09-26T23:44:22.511Z] ----------------------------------------------------------------------
[debug] 
[debug] [2018-09-26T23:44:22.521Z] > command requires scopes: ["email","openid","https://www.googleapis.com/auth/cloudplatformprojects.readonly","https://www.googleapis.com/auth/firebase","https://www.googleapis.com/auth/cloud-platform"]
[debug] [2018-09-26T23:44:22.522Z] > authorizing via signed-in user
[debug] [2018-09-26T23:44:22.524Z] >>> HTTP REQUEST GET https://admin.firebase.com/v1/projects/mammon-c87f8  
 
[debug] [2018-09-26T23:44:23.635Z] <<< HTTP RESPONSE 200
[debug] [2018-09-26T23:44:23.635Z] >>> HTTP REQUEST GET https://cloudresourcemanager.googleapis.com/v1/projects/mammon-c87f8  
 
[debug] [2018-09-26T23:44:34.635Z] <<< HTTP RESPONSE 200
[info] 
[info] === Serving from 'D:\977-341\QuizMobile1'...
[info] 
[debug] [2018-09-26T23:44:34.638Z] >>> HTTP REQUEST GET https://mobilesdk-pa.googleapis.com/v1/projects/155140630032/clients/_:getWebAppConfig  
 
[debug] [2018-09-26T23:44:35.206Z] <<< HTTP RESPONSE 200
[info] i  hosting[mammon-c87f8]: Serving hosting files from: public
[info] +  hosting[mammon-c87f8]: Local server: http://localhost:5000
